RockHardBlocker/app/build/outputs/mapping/broRelease/mapping.txt
# compiler: R8
# compiler_version: 8.3.36
# min_api: 26
# common_typos_disable
# {"id":"com.android.tools.r8.mapping","version":"2.2"}
# pg_map_id: 479ddf3
# pg_map_hash: SHA-256 479ddf315142f18db0a742d2de6b5e6bf126b3e9ffb8d57062a767ce0d3859cf
com.rockhard.blocker.AdminReceiver -> com.rockhard.blocker.AdminReceiver:
# {"id":"sourceFile","fileName":"AdminReceiver.kt"}
    0:3:void <init>():8:8 -> <init>
    10:12:java.lang.CharSequence onDisableRequested(android.content.Context,android.content.Intent):14:14 -> onDisableRequested
    10:20:void onDisabled(android.content.Context,android.content.Intent):18:18 -> onDisabled
    10:20:void onEnabled(android.content.Context,android.content.Intent):10:10 -> onEnabled
com.rockhard.blocker.BlockerVpnService -> com.rockhard.blocker.BlockerVpnService:
# {"id":"sourceFile","fileName":"BlockerVpnService.kt"}
    0:3:void <init>():8:8 -> <init>
    0:2:void onDestroy():58:58 -> onDestroy
    3:10:void onDestroy():59:59 -> onDestroy
    11:13:void onDestroy():60:60 -> onDestroy
    0:6:int onStartCommand(android.content.Intent,int,int):14:14 -> onStartCommand
    7:11:int onStartCommand(android.content.Intent,int,int):16:16 -> onStartCommand
    12:18:int onStartCommand(android.content.Intent,int,int):19:19 -> onStartCommand
    19:24:int onStartCommand(android.content.Intent,int,int):22:22 -> onStartCommand
    25:35:java.util.List kotlin.collections.CollectionsKt__CollectionsJVMKt.listOf(java.lang.Object):22:22 -> onStartCommand
    25:35:int onStartCommand(android.content.Intent,int,int):28 -> onStartCommand
    36:51:int onStartCommand(android.content.Intent,int,int):35:35 -> onStartCommand
    52:59:int onStartCommand(android.content.Intent,int,int):39:39 -> onStartCommand
    60:64:int onStartCommand(android.content.Intent,int,int):48:48 -> onStartCommand
    65:72:int onStartCommand(android.content.Intent,int,int):50:50 -> onStartCommand
com.rockhard.blocker.EssayActivity -> com.rockhard.blocker.EssayActivity:
# {"id":"sourceFile","fileName":"EssayActivity.kt"}
    0:2:void <init>():15:15 -> <init>
    3:4:void <init>():18:18 -> <init>
    5:10:void <init>():19:19 -> <init>
    11:14:java.util.List kotlin.collections.ArraysUtilJVM.asList(java.lang.Object[]):13:13 -> <init>
    11:14:java.util.List kotlin.collections.ArraysKt___ArraysJvmKt.asList(java.lang.Object[]):133 -> <init>
    11:14:java.util.List kotlin.collections.CollectionsKt__CollectionsKt.listOf(java.lang.Object[]):78 -> <init>
    11:14:void <init>():17 -> <init>
    15:19:java.util.List kotlin.collections.ArraysKt___ArraysJvmKt.asList(java.lang.Object[]):133:133 -> <init>
    15:19:java.util.List kotlin.collections.CollectionsKt__CollectionsKt.listOf(java.lang.Object[]):78 -> <init>
    15:19:void <init>():17 -> <init>
    20:22:void <init>():17:17 -> <init>
    0:10:void onBackPressed():72:72 -> onBackPressed
    0:2:void onCreate(android.os.Bundle):23:23 -> onCreate
    3:7:void onCreate(android.os.Bundle):24:24 -> onCreate
    8:20:void onCreate(android.os.Bundle):27:27 -> onCreate
    21:24:void onCreate(android.os.Bundle):30:30 -> onCreate
    25:34:java.lang.Object kotlin.collections.CollectionsKt___CollectionsKt.random(java.util.Collection,kotlin.random.Random):0:0 -> onCreate
    25:34:void onCreate(android.os.Bundle):30 -> onCreate
...
kotlin.UninitializedPropertyAccessException -> a.a:
# {"id":"sourceFile","fileName":"UninitializedPropertyAccessException.kt"}
kotlin.collections.ArraysKt__ArraysKt -> b.a:
# {"id":"sourceFile","fileName":"Arrays.kt"}
    0:2:void checkNotNullExpressionValue(java.lang.Object,java.lang.String):0:0 -> a
      # {"id":"com.android.tools.r8.synthesized"}
    3:17:void kotlin.jvm.internal.Intrinsics.checkNotNullExpressionValue(java.lang.Object,java.lang.String):93:93 -> a
    3:17:void checkNotNullExpressionValue(java.lang.Object,java.lang.String):0 -> a
    0:1:void checkNotNullParameter(java.lang.Object,java.lang.String):0:0 -> b
      # {"id":"com.android.tools.r8.synthesized"}
    2:3:void kotlin.jvm.internal.Intrinsics.throwParameterIsNullNPE(java.lang.String):140:140 -> b
    2:3:void kotlin.jvm.internal.Intrinsics.checkNotNullParameter(java.lang.Object,java.lang.String):131 -> b
    2:3:void checkNotNullParameter(java.lang.Object,java.lang.String):0 -> b
    4:11:java.lang.String kotlin.jvm.internal.Intrinsics.createParameterIsNullExceptionMessage(java.lang.String):144:144 -> b
    4:11:void kotlin.jvm.internal.Intrinsics.throwParameterIsNullNPE(java.lang.String):140 -> b
    4:11:void kotlin.jvm.internal.Intrinsics.checkNotNullParameter(java.lang.Object,java.lang.String):131 -> b
    4:11:void checkNotNullParameter(java.lang.Object,java.lang.String):0 -> b
    12:18:java.lang.String kotlin.jvm.internal.Intrinsics.createParameterIsNullExceptionMessage(java.lang.String):146:146 -> b
    12:18:void kotlin.jvm.internal.Intrinsics.throwParameterIsNullNPE(java.lang.String):140 -> b
kotlin.collections.ArraysKt___ArraysJvmKt -> R8$$REMOVED$$CLASS$$0:
# {"id":"sourceFile","fileName":"_ArraysJvm.kt"}
kotlin.collections.ArraysUtilJVM -> R8$$REMOVED$$CLASS$$1:
# {"id":"sourceFile","fileName":"ArraysUtilJVM.java"}
kotlin.collections.CollectionsKt__CollectionsJVMKt -> R8$$REMOVED$$CLASS$$2:
# {"id":"sourceFile","fileName":"CollectionsJVM.kt"}
kotlin.collections.CollectionsKt__CollectionsKt -> R8$$REMOVED$$CLASS$$3:
# {"id":"sourceFile","fileName":"Collections.kt"}
kotlin.collections.CollectionsKt___CollectionsKt -> R8$$REMOVED$$CLASS$$4:
# {"id":"sourceFile","fileName":"_Collections.kt"}
kotlin.collections.IntIterator -> R8$$REMOVED$$CLASS$$5:
# {"id":"sourceFile","fileName":"PrimitiveIterators.kt"}
kotlin.internal.PlatformImplementations -> R8$$REMOVED$$CLASS$$6:
# {"id":"sourceFile","fileName":"PlatformImplementations.kt"}
kotlin.internal.ProgressionUtilKt -> R8$$REMOVED$$CLASS$$7:
# {"id":"sourceFile","fileName":"progressionUtil.kt"}
kotlin.internal.jdk8.JDK8PlatformImplementations -> R8$$REMOVED$$CLASS$$8:
# {"id":"sourceFile","fileName":"JDK8PlatformImplementations.kt"}
kotlin.internal.jdk8.JDK8PlatformImplementations$ReflectSdkVersion -> c.a:
# {"id":"sourceFile","fileName":"JDK8PlatformImplementations.kt"}
    java.lang.Integer sdkVersion -> a
    0:0:void <clinit>() -> <clinit>
    1:26:void <clinit>():34:34 -> <clinit>
    27:36:void <clinit>():37:37 -> <clinit>
kotlin.jvm.internal.DefaultConstructorMarker -> d.a:
# {"id":"sourceFile","fileName":"DefaultConstructorMarker.java"}
kotlin.jvm.internal.Intrinsics -> R8$$REMOVED$$CLASS$$9:
# {"id":"sourceFile","fileName":"Intrinsics.java"}
kotlin.random.AbstractPlatformRandom -> e.a:
# {"id":"sourceFile","fileName":"PlatformRandom.kt"}
    0:8:int nextInt(int):42:42 -> a
    java.util.Random getImpl() -> b